{
  "RSpec": {
    "coverage": {
      "/Users/paullazar/Desktop/MakersCourse/bank_tech/spec/bank_spec.rb": {
        "lines": [
          1,
          null,
          1,
          null,
          1,
          12,
          null,
          null,
          1,
          1,
          1,
          null,
          null,
          1,
          1,
          1,
          null,
          null,
          1,
          1,
          1,
          null,
          null,
          1,
          1,
          1,
          1,
          1,
          null,
          null,
          1,
          2,
          null,
          null,
          1,
          2,
          null,
          null,
          1,
          2,
          null,
          null,
          1,
          2,
          null,
          null,
          1,
          1,
          1,
          1,
          null,
          null,
          1,
          1,
          1,
          1,
          1,
          null,
          null,
          1,
          1,
          2,
          null,
          null,
          1,
          1,
          1,
          1,
          null,
          null
        ]
      },
      "/Users/paullazar/Desktop/MakersCourse/bank_tech/lib/bank.rb": {
        "lines": [
          1,
          null,
          1,
          1,
          22,
          null,
          null,
          1,
          29,
          27,
          24,
          24,
          null,
          null,
          1,
          8,
          6,
          6,
          null,
          null,
          1,
          4,
          null,
          null
        ]
      },
      "/Users/paullazar/Desktop/MakersCourse/bank_tech/spec/client_spec.rb": {
        "lines": [
          1,
          null,
          1,
          1,
          1,
          1,
          null,
          null,
          1,
          2,
          null,
          null,
          1,
          2,
          null,
          null,
          1,
          2,
          null,
          null,
          1,
          1,
          1,
          null,
          null,
          1,
          1,
          1,
          null,
          null,
          1,
          1,
          1,
          null,
          null,
          1,
          2,
          null,
          null,
          1,
          2,
          null,
          null,
          1,
          2,
          null,
          null
        ]
      },
      "/Users/paullazar/Desktop/MakersCourse/bank_tech/lib/client.rb": {
        "lines": [
          1,
          1,
          21,
          18,
          15,
          15,
          null,
          null,
          1,
          11,
          null,
          null
        ]
      },
      "/Users/paullazar/Desktop/MakersCourse/bank_tech/spec/integration/app_spec.rb": {
        "lines": [
          1,
          null,
          1,
          null,
          1,
          10,
          10,
          10,
          null,
          null,
          1,
          1,
          1,
          1,
          null,
          null,
          1,
          1,
          1,
          null,
          null,
          1,
          1,
          1,
          1,
          1,
          null,
          null,
          1,
          1,
          1,
          1,
          1,
          1,
          null,
          null,
          1,
          1,
          1,
          1,
          1,
          null,
          null,
          1,
          1,
          1,
          1,
          1,
          1,
          null,
          null,
          1,
          1,
          1,
          1,
          1,
          1,
          null,
          null,
          1,
          1,
          2,
          null,
          null,
          1,
          1,
          1,
          1,
          1,
          null,
          null,
          1,
          1,
          1,
          1,
          2,
          null,
          null
        ]
      },
      "/Users/paullazar/Desktop/MakersCourse/bank_tech/app.rb": {
        "lines": [
          1,
          1,
          11,
          11,
          11,
          null,
          null,
          1,
          17,
          14,
          null,
          3,
          null,
          17,
          null,
          null,
          1,
          9,
          null,
          null,
          1,
          7,
          7,
          15,
          12,
          null,
          3,
          null,
          null,
          7,
          null,
          null,
          1,
          8,
          null,
          null
        ]
      }
    },
    "timestamp": 1681845581
  }
}
